[2016-12-23 20:35:52.849] [INFO] odata - processing OData V2 request of type PUT
[2016-12-23 20:35:52.850] [DEBUG] odata - baseUrl = /odata/Ecritures(11305)
[2016-12-23 20:35:52.850] [TRACE] put - handle put
[2016-12-23 20:35:52.850] [INFO] console - '_getIdFromUrlParameter' is DEPRECATED! Please use '_getIdByPropertyType' instead.
[2016-12-23 20:35:52.850] [TRACE] put - {"id":11305,"CompteId":2,"Year":2016,"Month":9,"AffectationId":"15","Date":"/Date(1474236000000)/","Description":"REM CHQ N. 5634788","Debit":null,"Credit":70,"Carte":null,"__metadata":{"uri":"http://localhost:3000/odata/Ecritures(11305)","type":"NODATASERVER.Ecriture"}}
[2016-12-23 20:35:52.851] [TRACE] put - found Ecriture with id 11305 in database. Will try to update the object
[2016-12-23 20:35:52.864] [TRACE] put - updated Ecriture with id 11305.
[2016-12-23 20:36:54.700] [INFO] odata - processing OData V2 request of type GET
[2016-12-23 20:36:54.701] [DEBUG] odata - baseUrl = /odata/Balance(2)/Ecritures/$count
[2016-12-23 20:36:54.702] [INFO] odata - processing OData V2 request of type GET
[2016-12-23 20:36:54.702] [DEBUG] odata - baseUrl = /odata/Balance(2)/Ecritures
[2016-12-23 20:36:54.704] [INFO] console - filter: {"where":{"and":[{"and":[{"Year":"2016"},{"Month":"10"}]},{"CompteId":"2"}]},"limit":"170","skip":"0"}
[2016-12-23 20:36:54.713] [INFO] odata - processing OData V2 request of type GET
[2016-12-23 20:36:54.714] [DEBUG] odata - baseUrl = /odata/SoldeMois(2201610)
[2016-12-23 20:36:54.724] [INFO] console - {"CompteId":2,"Year":2016,"Month":10,"id":2201610,"Carte":1716.0900000000001,"CarteDebite":25,"Depense":5298.209999999997,"Entrees":7149.3099999999995,"Epargne":2000,"SoldeDebut":471.7100000000124}
[2016-12-23 20:36:54.843] [INFO] odata - processing OData V2 request of type GET
[2016-12-23 20:36:54.843] [DEBUG] odata - baseUrl = /odata/Balance(2)/Repartitions/$count
[2016-12-23 20:36:54.845] [INFO] odata - processing OData V2 request of type GET
[2016-12-23 20:36:54.845] [DEBUG] odata - baseUrl = /odata/Balance(2)/Repartitions
[2016-12-23 20:36:54.846] [INFO] console - filter: {"where":{"and":[{"and":[{"Year":"2016"},{"Month":"10"}]},{"CompteId":"2"}]},"limit":"100","skip":"0"}
[2016-12-23 20:37:03.428] [INFO] odata - processing OData V2 request of type PUT
[2016-12-23 20:37:03.428] [DEBUG] odata - baseUrl = /odata/Ecritures(11452)
[2016-12-23 20:37:03.429] [TRACE] put - handle put
[2016-12-23 20:37:03.429] [INFO] console - '_getIdFromUrlParameter' is DEPRECATED! Please use '_getIdByPropertyType' instead.
[2016-12-23 20:37:03.429] [TRACE] put - {"id":11452,"CompteId":2,"Year":2016,"Month":10,"AffectationId":"8","Date":"/Date(1476914400000)/","Description":"VIR SEPA M. AMINE LOUATI","Debit":null,"Credit":1864.7,"Carte":null,"__metadata":{"uri":"http://localhost:3000/odata/Ecritures(11452)","type":"NODATASERVER.Ecriture"}}
[2016-12-23 20:37:03.430] [TRACE] put - found Ecriture with id 11452 in database. Will try to update the object
[2016-12-23 20:37:03.445] [TRACE] put - updated Ecriture with id 11452.
[2016-12-23 20:38:16.567] [INFO] odata - processing OData V2 request of type GET
[2016-12-23 20:38:16.568] [DEBUG] odata - baseUrl = /odata/Balance(2)/Ecritures/$count
[2016-12-23 20:38:16.569] [INFO] odata - processing OData V2 request of type GET
[2016-12-23 20:38:16.569] [DEBUG] odata - baseUrl = /odata/Balance(2)/Ecritures
[2016-12-23 20:38:16.570] [INFO] console - filter: {"where":{"and":[{"and":[{"Year":"2016"},{"Month":"7"}]},{"CompteId":"2"}]},"limit":"170","skip":"0"}
[2016-12-23 20:38:16.688] [INFO] odata - processing OData V2 request of type GET
[2016-12-23 20:38:16.688] [DEBUG] odata - baseUrl = /odata/Balance(2)/Repartitions/$count
[2016-12-23 20:38:16.690] [INFO] odata - processing OData V2 request of type GET
[2016-12-23 20:38:16.690] [DEBUG] odata - baseUrl = /odata/Balance(2)/Repartitions
[2016-12-23 20:38:16.691] [INFO] console - filter: {"where":{"and":[{"and":[{"Year":"2016"},{"Month":"7"}]},{"CompteId":"2"}]},"limit":"100","skip":"0"}
[2016-12-23 20:38:28.925] [INFO] odata - processing OData V2 request of type PUT
[2016-12-23 20:38:28.925] [DEBUG] odata - baseUrl = /odata/Ecritures(10639)
[2016-12-23 20:38:28.925] [TRACE] put - handle put
[2016-12-23 20:38:28.926] [INFO] console - '_getIdFromUrlParameter' is DEPRECATED! Please use '_getIdByPropertyType' instead.
[2016-12-23 20:38:28.926] [TRACE] put - {"id":10639,"CompteId":2,"Year":2016,"Month":7,"AffectationId":"15","Date":"/Date(1467669600000)/","Description":"VIR SEPA POLE EMPLOI","Debit":null,"Credit":371,"Carte":null,"__metadata":{"uri":"http://localhost:3000/odata/Ecritures(10639)","type":"NODATASERVER.Ecriture"}}
[2016-12-23 20:38:28.927] [TRACE] put - found Ecriture with id 10639 in database. Will try to update the object
[2016-12-23 20:38:28.940] [TRACE] put - updated Ecriture with id 10639.
[2016-12-23 20:38:43.905] [INFO] odata - processing OData V2 request of type GET
[2016-12-23 20:38:43.905] [DEBUG] odata - baseUrl = /odata/Balance(2)/Ecritures/$count
[2016-12-23 20:38:43.906] [INFO] odata - processing OData V2 request of type GET
[2016-12-23 20:38:43.906] [DEBUG] odata - baseUrl = /odata/Balance(2)/Ecritures
[2016-12-23 20:38:43.907] [INFO] console - filter: {"where":{"and":[{"and":[{"Year":"2016"},{"Month":"12"}]},{"CompteId":"2"}]},"limit":"170","skip":"0"}
[2016-12-23 20:38:43.986] [INFO] odata - processing OData V2 request of type GET
[2016-12-23 20:38:43.986] [DEBUG] odata - baseUrl = /odata/Balance(2)/Repartitions/$count
[2016-12-23 20:38:43.987] [INFO] odata - processing OData V2 request of type GET
[2016-12-23 20:38:43.987] [DEBUG] odata - baseUrl = /odata/Balance(2)/Repartitions
[2016-12-23 20:38:43.988] [INFO] console - filter: {"where":{"and":[{"and":[{"Year":"2016"},{"Month":"12"}]},{"CompteId":"2"}]},"limit":"100","skip":"0"}
[2016-12-23 20:40:01.652] [INFO] odata - processing OData V2 request of type GET
[2016-12-23 20:40:01.653] [DEBUG] odata - baseUrl = /odata/RepartitionYear/$count
[2016-12-23 20:40:01.654] [INFO] odata - processing OData V2 request of type GET
[2016-12-23 20:40:01.654] [DEBUG] odata - baseUrl = /odata/RepartitionYear
[2016-12-23 20:40:01.655] [INFO] console - filter: {"where":{"and":[{"Year":"2016"},{"CompteId":"2"}]},"limit":"100","skip":"0"}
[2016-12-23 20:40:11.704] [ERROR] console - Erreur non traitée pour la demande GET /Component-preload.js : Error: Cannot GET /Component-preload.js
    at raiseUrlNotFoundError (c:\node\BudgetApi\node_modules\loopback\server\middleware\url-not-found.js:20:17)
    at Layer.handle [as handle_request] (c:\node\BudgetApi\node_modules\loopback\node_modules\express\lib\router\layer.js:95:5)
    at trim_prefix (c:\node\BudgetApi\node_modules\loopback\node_modules\express\lib\router\index.js:312:13)
    at c:\node\BudgetApi\node_modules\loopback\node_modules\express\lib\router\index.js:280:7
    at Function.process_params (c:\node\BudgetApi\node_modules\loopback\node_modules\express\lib\router\index.js:330:12)
    at next (c:\node\BudgetApi\node_modules\loopback\node_modules\express\lib\router\index.js:271:10)
    at SendStream.error (c:\node\BudgetApi\node_modules\loopback\node_modules\express\node_modules\serve-static\index.js:121:7)
    at emitOne (events.js:96:13)
    at SendStream.emit (events.js:188:7)
    at SendStream.error (c:\node\BudgetApi\node_modules\loopback\node_modules\express\node_modules\send\index.js:275:17)
    at SendStream.onStatError (c:\node\BudgetApi\node_modules\loopback\node_modules\express\node_modules\send\index.js:392:12)
    at onstat (c:\node\BudgetApi\node_modules\loopback\node_modules\express\node_modules\send\index.js:674:26)
    at FSReqWrap.oncomplete (fs.js:123:15)
[2016-12-23 20:40:11.799] [ERROR] console - Erreur non traitée pour la demande GET /i18n/i18n_fr_FR.properties : Error: Cannot GET /i18n/i18n_fr_FR.properties
    at raiseUrlNotFoundError (c:\node\BudgetApi\node_modules\loopback\server\middleware\url-not-found.js:20:17)
    at Layer.handle [as handle_request] (c:\node\BudgetApi\node_modules\loopback\node_modules\express\lib\router\layer.js:95:5)
    at trim_prefix (c:\node\BudgetApi\node_modules\loopback\node_modules\express\lib\router\index.js:312:13)
    at c:\node\BudgetApi\node_modules\loopback\node_modules\express\lib\router\index.js:280:7
    at Function.process_params (c:\node\BudgetApi\node_modules\loopback\node_modules\express\lib\router\index.js:330:12)
    at next (c:\node\BudgetApi\node_modules\loopback\node_modules\express\lib\router\index.js:271:10)
    at SendStream.error (c:\node\BudgetApi\node_modules\loopback\node_modules\express\node_modules\serve-static\index.js:121:7)
    at emitOne (events.js:96:13)
    at SendStream.emit (events.js:188:7)
    at SendStream.error (c:\node\BudgetApi\node_modules\loopback\node_modules\express\node_modules\send\index.js:275:17)
    at SendStream.onStatError (c:\node\BudgetApi\node_modules\loopback\node_modules\express\node_modules\send\index.js:392:12)
    at onstat (c:\node\BudgetApi\node_modules\loopback\node_modules\express\node_modules\send\index.js:674:26)
    at FSReqWrap.oncomplete (fs.js:123:15)
[2016-12-23 20:40:11.807] [ERROR] console - Erreur non traitée pour la demande GET /i18n/i18n_fr.properties : Error: Cannot GET /i18n/i18n_fr.properties
    at raiseUrlNotFoundError (c:\node\BudgetApi\node_modules\loopback\server\middleware\url-not-found.js:20:17)
    at Layer.handle [as handle_request] (c:\node\BudgetApi\node_modules\loopback\node_modules\express\lib\router\layer.js:95:5)
    at trim_prefix (c:\node\BudgetApi\node_modules\loopback\node_modules\express\lib\router\index.js:312:13)
    at c:\node\BudgetApi\node_modules\loopback\node_modules\express\lib\router\index.js:280:7
    at Function.process_params (c:\node\BudgetApi\node_modules\loopback\node_modules\express\lib\router\index.js:330:12)
    at next (c:\node\BudgetApi\node_modules\loopback\node_modules\express\lib\router\index.js:271:10)
    at SendStream.error (c:\node\BudgetApi\node_modules\loopback\node_modules\express\node_modules\serve-static\index.js:121:7)
    at emitOne (events.js:96:13)
    at SendStream.emit (events.js:188:7)
    at SendStream.error (c:\node\BudgetApi\node_modules\loopback\node_modules\express\node_modules\send\index.js:275:17)
    at SendStream.onStatError (c:\node\BudgetApi\node_modules\loopback\node_modules\express\node_modules\send\index.js:392:12)
    at onstat (c:\node\BudgetApi\node_modules\loopback\node_modules\express\node_modules\send\index.js:674:26)
    at FSReqWrap.oncomplete (fs.js:123:15)
[2016-12-23 20:40:11.813] [ERROR] console - Erreur non traitée pour la demande GET /i18n/i18n_en.properties : Error: Cannot GET /i18n/i18n_en.properties
    at raiseUrlNotFoundError (c:\node\BudgetApi\node_modules\loopback\server\middleware\url-not-found.js:20:17)
    at Layer.handle [as handle_request] (c:\node\BudgetApi\node_modules\loopback\node_modules\express\lib\router\layer.js:95:5)
    at trim_prefix (c:\node\BudgetApi\node_modules\loopback\node_modules\express\lib\router\index.js:312:13)
    at c:\node\BudgetApi\node_modules\loopback\node_modules\express\lib\router\index.js:280:7
    at Function.process_params (c:\node\BudgetApi\node_modules\loopback\node_modules\express\lib\router\index.js:330:12)
    at next (c:\node\BudgetApi\node_modules\loopback\node_modules\express\lib\router\index.js:271:10)
    at SendStream.error (c:\node\BudgetApi\node_modules\loopback\node_modules\express\node_modules\serve-static\index.js:121:7)
    at emitOne (events.js:96:13)
    at SendStream.emit (events.js:188:7)
    at SendStream.error (c:\node\BudgetApi\node_modules\loopback\node_modules\express\node_modules\send\index.js:275:17)
    at SendStream.onStatError (c:\node\BudgetApi\node_modules\loopback\node_modules\express\node_modules\send\index.js:392:12)
    at onstat (c:\node\BudgetApi\node_modules\loopback\node_modules\express\node_modules\send\index.js:674:26)
    at FSReqWrap.oncomplete (fs.js:123:15)
[2016-12-23 20:40:11.926] [ERROR] console - Erreur non traitée pour la demande GET /i18n/i18n_fr_FR.properties : Error: Cannot GET /i18n/i18n_fr_FR.properties
    at raiseUrlNotFoundError (c:\node\BudgetApi\node_modules\loopback\server\middleware\url-not-found.js:20:17)
    at Layer.handle [as handle_request] (c:\node\BudgetApi\node_modules\loopback\node_modules\express\lib\router\layer.js:95:5)
    at trim_prefix (c:\node\BudgetApi\node_modules\loopback\node_modules\express\lib\router\index.js:312:13)
    at c:\node\BudgetApi\node_modules\loopback\node_modules\express\lib\router\index.js:280:7
    at Function.process_params (c:\node\BudgetApi\node_modules\loopback\node_modules\express\lib\router\index.js:330:12)
    at next (c:\node\BudgetApi\node_modules\loopback\node_modules\express\lib\router\index.js:271:10)
    at SendStream.error (c:\node\BudgetApi\node_modules\loopback\node_modules\express\node_modules\serve-static\index.js:121:7)
    at emitOne (events.js:96:13)
    at SendStream.emit (events.js:188:7)
    at SendStream.error (c:\node\BudgetApi\node_modules\loopback\node_modules\express\node_modules\send\index.js:275:17)
    at SendStream.onStatError (c:\node\BudgetApi\node_modules\loopback\node_modules\express\node_modules\send\index.js:392:12)
    at onstat (c:\node\BudgetApi\node_modules\loopback\node_modules\express\node_modules\send\index.js:674:26)
    at FSReqWrap.oncomplete (fs.js:123:15)
[2016-12-23 20:40:12.024] [INFO] odata - processing OData V2 request of type GET
[2016-12-23 20:40:12.024] [DEBUG] odata - baseUrl = /odata/$metadata
[2016-12-23 20:40:12.024] [TRACE] metadata - entering buildMetadata
[2016-12-23 20:40:12.034] [TRACE] metadata - metadata xml build
[2016-12-23 20:40:12.078] [ERROR] console - Erreur non traitée pour la demande GET /i18n/i18n_fr.properties : Error: Cannot GET /i18n/i18n_fr.properties
    at raiseUrlNotFoundError (c:\node\BudgetApi\node_modules\loopback\server\middleware\url-not-found.js:20:17)
    at Layer.handle [as handle_request] (c:\node\BudgetApi\node_modules\loopback\node_modules\express\lib\router\layer.js:95:5)
    at trim_prefix (c:\node\BudgetApi\node_modules\loopback\node_modules\express\lib\router\index.js:312:13)
    at c:\node\BudgetApi\node_modules\loopback\node_modules\express\lib\router\index.js:280:7
    at Function.process_params (c:\node\BudgetApi\node_modules\loopback\node_modules\express\lib\router\index.js:330:12)
    at next (c:\node\BudgetApi\node_modules\loopback\node_modules\express\lib\router\index.js:271:10)
    at SendStream.error (c:\node\BudgetApi\node_modules\loopback\node_modules\express\node_modules\serve-static\index.js:121:7)
    at emitOne (events.js:96:13)
    at SendStream.emit (events.js:188:7)
    at SendStream.error (c:\node\BudgetApi\node_modules\loopback\node_modules\express\node_modules\send\index.js:275:17)
    at SendStream.onStatError (c:\node\BudgetApi\node_modules\loopback\node_modules\express\node_modules\send\index.js:392:12)
    at onstat (c:\node\BudgetApi\node_modules\loopback\node_modules\express\node_modules\send\index.js:674:26)
    at FSReqWrap.oncomplete (fs.js:123:15)
[2016-12-23 20:40:12.084] [ERROR] console - Erreur non traitée pour la demande GET /i18n/i18n_en.properties : Error: Cannot GET /i18n/i18n_en.properties
    at raiseUrlNotFoundError (c:\node\BudgetApi\node_modules\loopback\server\middleware\url-not-found.js:20:17)
    at Layer.handle [as handle_request] (c:\node\BudgetApi\node_modules\loopback\node_modules\express\lib\router\layer.js:95:5)
    at trim_prefix (c:\node\BudgetApi\node_modules\loopback\node_modules\express\lib\router\index.js:312:13)
    at c:\node\BudgetApi\node_modules\loopback\node_modules\express\lib\router\index.js:280:7
    at Function.process_params (c:\node\BudgetApi\node_modules\loopback\node_modules\express\lib\router\index.js:330:12)
    at next (c:\node\BudgetApi\node_modules\loopback\node_modules\express\lib\router\index.js:271:10)
    at SendStream.error (c:\node\BudgetApi\node_modules\loopback\node_modules\express\node_modules\serve-static\index.js:121:7)
    at emitOne (events.js:96:13)
    at SendStream.emit (events.js:188:7)
    at SendStream.error (c:\node\BudgetApi\node_modules\loopback\node_modules\express\node_modules\send\index.js:275:17)
    at SendStream.onStatError (c:\node\BudgetApi\node_modules\loopback\node_modules\express\node_modules\send\index.js:392:12)
    at onstat (c:\node\BudgetApi\node_modules\loopback\node_modules\express\node_modules\send\index.js:674:26)
    at FSReqWrap.oncomplete (fs.js:123:15)
[2016-12-23 20:40:12.165] [INFO] odata - processing OData V2 request of type GET
[2016-12-23 20:40:12.165] [DEBUG] odata - baseUrl = /odata/Affectations
[2016-12-23 20:40:12.166] [INFO] console - filter: {"limit":1000}
[2016-12-23 20:40:12.167] [INFO] odata - processing OData V2 request of type GET
[2016-12-23 20:40:12.167] [DEBUG] odata - baseUrl = /odata/Cleaffectations
[2016-12-23 20:40:12.169] [INFO] console - filter: {"limit":1000}
[2016-12-23 20:40:14.479] [INFO] odata - processing OData V2 request of type GET
[2016-12-23 20:40:14.479] [DEBUG] odata - baseUrl = /odata/Balance/$count
[2016-12-23 20:40:14.481] [INFO] odata - processing OData V2 request of type GET
[2016-12-23 20:40:14.482] [DEBUG] odata - baseUrl = /odata/Balance
[2016-12-23 20:40:14.483] [INFO] console - filter: {"limit":"100","skip":"0"}
[2016-12-23 20:40:15.133] [INFO] odata - processing OData V2 request of type GET
[2016-12-23 20:40:15.133] [DEBUG] odata - baseUrl = /odata/RepartitionYear/$count
[2016-12-23 20:40:15.134] [INFO] odata - processing OData V2 request of type GET
[2016-12-23 20:40:15.134] [DEBUG] odata - baseUrl = /odata/RepartitionYear
[2016-12-23 20:40:15.135] [INFO] console - filter: {"limit":"100","skip":"0"}
[2016-12-23 20:40:24.469] [INFO] odata - processing OData V2 request of type GET
[2016-12-23 20:40:24.469] [DEBUG] odata - baseUrl = /odata/RepartitionYear/$count
[2016-12-23 20:40:24.471] [INFO] odata - processing OData V2 request of type GET
[2016-12-23 20:40:24.471] [DEBUG] odata - baseUrl = /odata/RepartitionYear
[2016-12-23 20:40:24.472] [INFO] console - filter: {"where":{"and":[{"Year":"2016"},{"CompteId":"2"}]},"limit":"100","skip":"0"}
